2023-05-06T11:42:08+00:00 CRITICAL Uncaught Error: Call to a member function is_empty() on null in C:\wamp64\www\samplerestaurantwebsite\wp-content\plugins\wp-cafe\core\modules\mini-cart\views\mini-cart-template.php:14
Stack trace:
#0 C:\wamp64\www\samplerestaurantwebsite\wp-content\plugins\wp-cafe\core\modules\mini-cart\views\custom-mini-cart.php(22): include_once()
#1 C:\wamp64\www\samplerestaurantwebsite\wp-content\plugins\wp-cafe\core\shortcodes\hook.php(469): include_once('C:\\wamp64\\www\\s...')
#2 C:\wamp64\www\samplerestaurantwebsite\wp-includes\class-wp-hook.php(308): WpCafe\Core\Shortcodes\Hook->wpc_custom_mini_cart('')
#3 C:\wamp64\www\samplerestaurantwebsite\wp-includes\class-wp-hook.php(332): WP_Hook->apply_filters(NULL, Array)
#4 C:\wamp64\www\samplerestaurantwebsite\wp-includes\plugin.php(517): WP_Hook->do_action(Array)
#5 C:\wamp64\www\samplerestaurantwebsite\wp-includes\general-template.php(3065): do_action('wp_footer')
#6 C:\wamp64\www\samplerestaurantwebsite\wp-includes\rest-api\endpoints\class-wp-rest-widget-types-controller.php(652): wp_footer()
#7 C:\wamp64\www\samplerestaurantwebsite\wp-includes\rest-api\endpoints\class-wp-rest-widget-types-controller.php(600): WP_REST_Widget_Types_Controller->render_legacy_widget_preview_iframe('text', Array)
#8 C:\wamp64\www\samplerestaurantwebsite\wp-includes\rest-api\class-wp-rest-server.php(1181): WP_REST_Widget_Types_Controller->render(Object(WP_REST_Request))
#9 C:\wamp64\www\samplerestaurantwebsite\wp-includes\rest-api\class-wp-rest-server.php(1028): WP_REST_Server->respond_to_request(Object(WP_REST_Request), '/wp/v2/widget-t...', Array, NULL)
#10 C:\wamp64\www\samplerestaurantwebsite\wp-includes\rest-api\class-wp-rest-server.php(442): WP_REST_Server->dispatch(Object(WP_REST_Request))
#11 C:\wamp64\www\samplerestaurantwebsite\wp-includes\rest-api.php(410): WP_REST_Server->serve_request('/wp/v2/widget-t...')
#12 C:\wamp64\www\samplerestaurantwebsite\wp-includes\class-wp-hook.php(308): rest_api_loaded(Object(WP))
#13 C:\wamp64\www\samplerestaurantwebsite\wp-includes\class-wp-hook.php(332): WP_Hook->apply_filters(NULL, Array)
#14 C:\wamp64\www\samplerestaurantwebsite\wp-includes\plugin.php(565): WP_Hook->do_action(Array)
#15 C:\wamp64\www\samplerestaurantwebsite\wp-includes\class-wp.php(399): do_action_ref_array('parse_request', Array)
#16 C:\wamp64\www\samplerestaurantwebsite\wp-includes\class-wp.php(780): WP->parse_request('')
#17 C:\wamp64\www\samplerestaurantwebsite\wp-includes\functions.php(1334): WP->main('')
#18 C:\wamp64\www\samplerestaurantwebsite\wp-blog-header.php(16): wp()
#19 C:\wamp64\www\samplerestaurantwebsite\index.php(17): require('C:\\wamp64\\www\\s...')
#20 {main}
  thrown in C:\wamp64\www\samplerestaurantwebsite\wp-content\plugins\wp-cafe\core\modules\mini-cart\views\mini-cart-template.php on line 14

2023-05-06T11:42:50+00:00 CRITICAL Uncaught Error: Call to a member function is_empty() on null in C:\wamp64\www\samplerestaurantwebsite\wp-content\plugins\wp-cafe\core\modules\mini-cart\views\mini-cart-template.php:14
Stack trace:
#0 C:\wamp64\www\samplerestaurantwebsite\wp-content\plugins\wp-cafe\core\modules\mini-cart\views\custom-mini-cart.php(22): include_once()
#1 C:\wamp64\www\samplerestaurantwebsite\wp-content\plugins\wp-cafe\core\shortcodes\hook.php(469): include_once('C:\\wamp64\\www\\s...')
#2 C:\wamp64\www\samplerestaurantwebsite\wp-includes\class-wp-hook.php(308): WpCafe\Core\Shortcodes\Hook->wpc_custom_mini_cart('')
#3 C:\wamp64\www\samplerestaurantwebsite\wp-includes\class-wp-hook.php(332): WP_Hook->apply_filters(NULL, Array)
#4 C:\wamp64\www\samplerestaurantwebsite\wp-includes\plugin.php(517): WP_Hook->do_action(Array)
#5 C:\wamp64\www\samplerestaurantwebsite\wp-includes\general-template.php(3065): do_action('wp_footer')
#6 C:\wamp64\www\samplerestaurantwebsite\wp-includes\rest-api\endpoints\class-wp-rest-widget-types-controller.php(652): wp_footer()
#7 C:\wamp64\www\samplerestaurantwebsite\wp-includes\rest-api\endpoints\class-wp-rest-widget-types-controller.php(600): WP_REST_Widget_Types_Controller->render_legacy_widget_preview_iframe('text', Array)
#8 C:\wamp64\www\samplerestaurantwebsite\wp-includes\rest-api\class-wp-rest-server.php(1181): WP_REST_Widget_Types_Controller->render(Object(WP_REST_Request))
#9 C:\wamp64\www\samplerestaurantwebsite\wp-includes\rest-api\class-wp-rest-server.php(1028): WP_REST_Server->respond_to_request(Object(WP_REST_Request), '/wp/v2/widget-t...', Array, NULL)
#10 C:\wamp64\www\samplerestaurantwebsite\wp-includes\rest-api\class-wp-rest-server.php(442): WP_REST_Server->dispatch(Object(WP_REST_Request))
#11 C:\wamp64\www\samplerestaurantwebsite\wp-includes\rest-api.php(410): WP_REST_Server->serve_request('/wp/v2/widget-t...')
#12 C:\wamp64\www\samplerestaurantwebsite\wp-includes\class-wp-hook.php(308): rest_api_loaded(Object(WP))
#13 C:\wamp64\www\samplerestaurantwebsite\wp-includes\class-wp-hook.php(332): WP_Hook->apply_filters(NULL, Array)
#14 C:\wamp64\www\samplerestaurantwebsite\wp-includes\plugin.php(565): WP_Hook->do_action(Array)
#15 C:\wamp64\www\samplerestaurantwebsite\wp-includes\class-wp.php(399): do_action_ref_array('parse_request', Array)
#16 C:\wamp64\www\samplerestaurantwebsite\wp-includes\class-wp.php(780): WP->parse_request('')
#17 C:\wamp64\www\samplerestaurantwebsite\wp-includes\functions.php(1334): WP->main('')
#18 C:\wamp64\www\samplerestaurantwebsite\wp-blog-header.php(16): wp()
#19 C:\wamp64\www\samplerestaurantwebsite\index.php(17): require('C:\\wamp64\\www\\s...')
#20 {main}
  thrown in C:\wamp64\www\samplerestaurantwebsite\wp-content\plugins\wp-cafe\core\modules\mini-cart\views\mini-cart-template.php on line 14

2023-05-06T11:58:59+00:00 CRITICAL Uncaught Error: Call to a member function is_empty() on null in C:\wamp64\www\samplerestaurantwebsite\wp-content\plugins\wp-cafe\core\modules\mini-cart\views\mini-cart-template.php:14
Stack trace:
#0 C:\wamp64\www\samplerestaurantwebsite\wp-content\plugins\wp-cafe\core\modules\mini-cart\views\custom-mini-cart.php(22): include_once()
#1 C:\wamp64\www\samplerestaurantwebsite\wp-content\plugins\wp-cafe\core\shortcodes\hook.php(469): include_once('C:\\wamp64\\www\\s...')
#2 C:\wamp64\www\samplerestaurantwebsite\wp-includes\class-wp-hook.php(308): WpCafe\Core\Shortcodes\Hook->wpc_custom_mini_cart('')
#3 C:\wamp64\www\samplerestaurantwebsite\wp-includes\class-wp-hook.php(332): WP_Hook->apply_filters(NULL, Array)
#4 C:\wamp64\www\samplerestaurantwebsite\wp-includes\plugin.php(517): WP_Hook->do_action(Array)
#5 C:\wamp64\www\samplerestaurantwebsite\wp-includes\general-template.php(3065): do_action('wp_footer')
#6 C:\wamp64\www\samplerestaurantwebsite\wp-includes\rest-api\endpoints\class-wp-rest-widget-types-controller.php(652): wp_footer()
#7 C:\wamp64\www\samplerestaurantwebsite\wp-includes\rest-api\endpoints\class-wp-rest-widget-types-controller.php(600): WP_REST_Widget_Types_Controller->render_legacy_widget_preview_iframe('text', Array)
#8 C:\wamp64\www\samplerestaurantwebsite\wp-includes\rest-api\class-wp-rest-server.php(1181): WP_REST_Widget_Types_Controller->render(Object(WP_REST_Request))
#9 C:\wamp64\www\samplerestaurantwebsite\wp-includes\rest-api\class-wp-rest-server.php(1028): WP_REST_Server->respond_to_request(Object(WP_REST_Request), '/wp/v2/widget-t...', Array, NULL)
#10 C:\wamp64\www\samplerestaurantwebsite\wp-includes\rest-api\class-wp-rest-server.php(442): WP_REST_Server->dispatch(Object(WP_REST_Request))
#11 C:\wamp64\www\samplerestaurantwebsite\wp-includes\rest-api.php(410): WP_REST_Server->serve_request('/wp/v2/widget-t...')
#12 C:\wamp64\www\samplerestaurantwebsite\wp-includes\class-wp-hook.php(308): rest_api_loaded(Object(WP))
#13 C:\wamp64\www\samplerestaurantwebsite\wp-includes\class-wp-hook.php(332): WP_Hook->apply_filters(NULL, Array)
#14 C:\wamp64\www\samplerestaurantwebsite\wp-includes\plugin.php(565): WP_Hook->do_action(Array)
#15 C:\wamp64\www\samplerestaurantwebsite\wp-includes\class-wp.php(399): do_action_ref_array('parse_request', Array)
#16 C:\wamp64\www\samplerestaurantwebsite\wp-includes\class-wp.php(780): WP->parse_request('')
#17 C:\wamp64\www\samplerestaurantwebsite\wp-includes\functions.php(1334): WP->main('')
#18 C:\wamp64\www\samplerestaurantwebsite\wp-blog-header.php(16): wp()
#19 C:\wamp64\www\samplerestaurantwebsite\index.php(17): require('C:\\wamp64\\www\\s...')
#20 {main}
  thrown in C:\wamp64\www\samplerestaurantwebsite\wp-content\plugins\wp-cafe\core\modules\mini-cart\views\mini-cart-template.php on line 14

2023-05-06T12:01:44+00:00 CRITICAL Uncaught Error: Call to a member function is_empty() on null in C:\wamp64\www\samplerestaurantwebsite\wp-content\plugins\wp-cafe\core\modules\mini-cart\views\mini-cart-template.php:14
Stack trace:
#0 C:\wamp64\www\samplerestaurantwebsite\wp-content\plugins\wp-cafe\core\modules\mini-cart\views\custom-mini-cart.php(22): include_once()
#1 C:\wamp64\www\samplerestaurantwebsite\wp-content\plugins\wp-cafe\core\shortcodes\hook.php(469): include_once('C:\\wamp64\\www\\s...')
#2 C:\wamp64\www\samplerestaurantwebsite\wp-includes\class-wp-hook.php(308): WpCafe\Core\Shortcodes\Hook->wpc_custom_mini_cart('')
#3 C:\wamp64\www\samplerestaurantwebsite\wp-includes\class-wp-hook.php(332): WP_Hook->apply_filters(NULL, Array)
#4 C:\wamp64\www\samplerestaurantwebsite\wp-includes\plugin.php(517): WP_Hook->do_action(Array)
#5 C:\wamp64\www\samplerestaurantwebsite\wp-includes\general-template.php(3065): do_action('wp_footer')
#6 C:\wamp64\www\samplerestaurantwebsite\wp-includes\rest-api\endpoints\class-wp-rest-widget-types-controller.php(652): wp_footer()
#7 C:\wamp64\www\samplerestaurantwebsite\wp-includes\rest-api\endpoints\class-wp-rest-widget-types-controller.php(600): WP_REST_Widget_Types_Controller->render_legacy_widget_preview_iframe('text', Array)
#8 C:\wamp64\www\samplerestaurantwebsite\wp-includes\rest-api\class-wp-rest-server.php(1181): WP_REST_Widget_Types_Controller->render(Object(WP_REST_Request))
#9 C:\wamp64\www\samplerestaurantwebsite\wp-includes\rest-api\class-wp-rest-server.php(1028): WP_REST_Server->respond_to_request(Object(WP_REST_Request), '/wp/v2/widget-t...', Array, NULL)
#10 C:\wamp64\www\samplerestaurantwebsite\wp-includes\rest-api\class-wp-rest-server.php(442): WP_REST_Server->dispatch(Object(WP_REST_Request))
#11 C:\wamp64\www\samplerestaurantwebsite\wp-includes\rest-api.php(410): WP_REST_Server->serve_request('/wp/v2/widget-t...')
#12 C:\wamp64\www\samplerestaurantwebsite\wp-includes\class-wp-hook.php(308): rest_api_loaded(Object(WP))
#13 C:\wamp64\www\samplerestaurantwebsite\wp-includes\class-wp-hook.php(332): WP_Hook->apply_filters(NULL, Array)
#14 C:\wamp64\www\samplerestaurantwebsite\wp-includes\plugin.php(565): WP_Hook->do_action(Array)
#15 C:\wamp64\www\samplerestaurantwebsite\wp-includes\class-wp.php(399): do_action_ref_array('parse_request', Array)
#16 C:\wamp64\www\samplerestaurantwebsite\wp-includes\class-wp.php(780): WP->parse_request('')
#17 C:\wamp64\www\samplerestaurantwebsite\wp-includes\functions.php(1334): WP->main('')
#18 C:\wamp64\www\samplerestaurantwebsite\wp-blog-header.php(16): wp()
#19 C:\wamp64\www\samplerestaurantwebsite\index.php(17): require('C:\\wamp64\\www\\s...')
#20 {main}
  thrown in C:\wamp64\www\samplerestaurantwebsite\wp-content\plugins\wp-cafe\core\modules\mini-cart\views\mini-cart-template.php on line 14

2023-05-06T12:01:52+00:00 CRITICAL Uncaught Error: Call to a member function is_empty() on null in C:\wamp64\www\samplerestaurantwebsite\wp-content\plugins\wp-cafe\core\modules\mini-cart\views\mini-cart-template.php:14
Stack trace:
#0 C:\wamp64\www\samplerestaurantwebsite\wp-content\plugins\wp-cafe\core\modules\mini-cart\views\custom-mini-cart.php(22): include_once()
#1 C:\wamp64\www\samplerestaurantwebsite\wp-content\plugins\wp-cafe\core\shortcodes\hook.php(469): include_once('C:\\wamp64\\www\\s...')
#2 C:\wamp64\www\samplerestaurantwebsite\wp-includes\class-wp-hook.php(308): WpCafe\Core\Shortcodes\Hook->wpc_custom_mini_cart('')
#3 C:\wamp64\www\samplerestaurantwebsite\wp-includes\class-wp-hook.php(332): WP_Hook->apply_filters(NULL, Array)
#4 C:\wamp64\www\samplerestaurantwebsite\wp-includes\plugin.php(517): WP_Hook->do_action(Array)
#5 C:\wamp64\www\samplerestaurantwebsite\wp-includes\general-template.php(3065): do_action('wp_footer')
#6 C:\wamp64\www\samplerestaurantwebsite\wp-includes\rest-api\endpoints\class-wp-rest-widget-types-controller.php(652): wp_footer()
#7 C:\wamp64\www\samplerestaurantwebsite\wp-includes\rest-api\endpoints\class-wp-rest-widget-types-controller.php(600): WP_REST_Widget_Types_Controller->render_legacy_widget_preview_iframe('text', Array)
#8 C:\wamp64\www\samplerestaurantwebsite\wp-includes\rest-api\class-wp-rest-server.php(1181): WP_REST_Widget_Types_Controller->render(Object(WP_REST_Request))
#9 C:\wamp64\www\samplerestaurantwebsite\wp-includes\rest-api\class-wp-rest-server.php(1028): WP_REST_Server->respond_to_request(Object(WP_REST_Request), '/wp/v2/widget-t...', Array, NULL)
#10 C:\wamp64\www\samplerestaurantwebsite\wp-includes\rest-api\class-wp-rest-server.php(442): WP_REST_Server->dispatch(Object(WP_REST_Request))
#11 C:\wamp64\www\samplerestaurantwebsite\wp-includes\rest-api.php(410): WP_REST_Server->serve_request('/wp/v2/widget-t...')
#12 C:\wamp64\www\samplerestaurantwebsite\wp-includes\class-wp-hook.php(308): rest_api_loaded(Object(WP))
#13 C:\wamp64\www\samplerestaurantwebsite\wp-includes\class-wp-hook.php(332): WP_Hook->apply_filters(NULL, Array)
#14 C:\wamp64\www\samplerestaurantwebsite\wp-includes\plugin.php(565): WP_Hook->do_action(Array)
#15 C:\wamp64\www\samplerestaurantwebsite\wp-includes\class-wp.php(399): do_action_ref_array('parse_request', Array)
#16 C:\wamp64\www\samplerestaurantwebsite\wp-includes\class-wp.php(780): WP->parse_request('')
#17 C:\wamp64\www\samplerestaurantwebsite\wp-includes\functions.php(1334): WP->main('')
#18 C:\wamp64\www\samplerestaurantwebsite\wp-blog-header.php(16): wp()
#19 C:\wamp64\www\samplerestaurantwebsite\index.php(17): require('C:\\wamp64\\www\\s...')
#20 {main}
  thrown in C:\wamp64\www\samplerestaurantwebsite\wp-content\plugins\wp-cafe\core\modules\mini-cart\views\mini-cart-template.php on line 14

2023-05-06T12:01:53+00:00 CRITICAL Uncaught Error: Call to a member function is_empty() on null in C:\wamp64\www\samplerestaurantwebsite\wp-content\plugins\wp-cafe\core\modules\mini-cart\views\mini-cart-template.php:14
Stack trace:
#0 C:\wamp64\www\samplerestaurantwebsite\wp-content\plugins\wp-cafe\core\modules\mini-cart\views\custom-mini-cart.php(22): include_once()
#1 C:\wamp64\www\samplerestaurantwebsite\wp-content\plugins\wp-cafe\core\shortcodes\hook.php(469): include_once('C:\\wamp64\\www\\s...')
#2 C:\wamp64\www\samplerestaurantwebsite\wp-includes\class-wp-hook.php(308): WpCafe\Core\Shortcodes\Hook->wpc_custom_mini_cart('')
#3 C:\wamp64\www\samplerestaurantwebsite\wp-includes\class-wp-hook.php(332): WP_Hook->apply_filters(NULL, Array)
#4 C:\wamp64\www\samplerestaurantwebsite\wp-includes\plugin.php(517): WP_Hook->do_action(Array)
#5 C:\wamp64\www\samplerestaurantwebsite\wp-includes\general-template.php(3065): do_action('wp_footer')
#6 C:\wamp64\www\samplerestaurantwebsite\wp-includes\rest-api\endpoints\class-wp-rest-widget-types-controller.php(652): wp_footer()
#7 C:\wamp64\www\samplerestaurantwebsite\wp-includes\rest-api\endpoints\class-wp-rest-widget-types-controller.php(600): WP_REST_Widget_Types_Controller->render_legacy_widget_preview_iframe('text', Array)
#8 C:\wamp64\www\samplerestaurantwebsite\wp-includes\rest-api\class-wp-rest-server.php(1181): WP_REST_Widget_Types_Controller->render(Object(WP_REST_Request))
#9 C:\wamp64\www\samplerestaurantwebsite\wp-includes\rest-api\class-wp-rest-server.php(1028): WP_REST_Server->respond_to_request(Object(WP_REST_Request), '/wp/v2/widget-t...', Array, NULL)
#10 C:\wamp64\www\samplerestaurantwebsite\wp-includes\rest-api\class-wp-rest-server.php(442): WP_REST_Server->dispatch(Object(WP_REST_Request))
#11 C:\wamp64\www\samplerestaurantwebsite\wp-includes\rest-api.php(410): WP_REST_Server->serve_request('/wp/v2/widget-t...')
#12 C:\wamp64\www\samplerestaurantwebsite\wp-includes\class-wp-hook.php(308): rest_api_loaded(Object(WP))
#13 C:\wamp64\www\samplerestaurantwebsite\wp-includes\class-wp-hook.php(332): WP_Hook->apply_filters(NULL, Array)
#14 C:\wamp64\www\samplerestaurantwebsite\wp-includes\plugin.php(565): WP_Hook->do_action(Array)
#15 C:\wamp64\www\samplerestaurantwebsite\wp-includes\class-wp.php(399): do_action_ref_array('parse_request', Array)
#16 C:\wamp64\www\samplerestaurantwebsite\wp-includes\class-wp.php(780): WP->parse_request('')
#17 C:\wamp64\www\samplerestaurantwebsite\wp-includes\functions.php(1334): WP->main('')
#18 C:\wamp64\www\samplerestaurantwebsite\wp-blog-header.php(16): wp()
#19 C:\wamp64\www\samplerestaurantwebsite\index.php(17): require('C:\\wamp64\\www\\s...')
#20 {main}
  thrown in C:\wamp64\www\samplerestaurantwebsite\wp-content\plugins\wp-cafe\core\modules\mini-cart\views\mini-cart-template.php on line 14

2023-05-06T12:02:13+00:00 CRITICAL Uncaught Error: Call to a member function is_empty() on null in C:\wamp64\www\samplerestaurantwebsite\wp-content\plugins\wp-cafe\core\modules\mini-cart\views\mini-cart-template.php:14
Stack trace:
#0 C:\wamp64\www\samplerestaurantwebsite\wp-content\plugins\wp-cafe\core\modules\mini-cart\views\custom-mini-cart.php(22): include_once()
#1 C:\wamp64\www\samplerestaurantwebsite\wp-content\plugins\wp-cafe\core\shortcodes\hook.php(469): include_once('C:\\wamp64\\www\\s...')
#2 C:\wamp64\www\samplerestaurantwebsite\wp-includes\class-wp-hook.php(308): WpCafe\Core\Shortcodes\Hook->wpc_custom_mini_cart('')
#3 C:\wamp64\www\samplerestaurantwebsite\wp-includes\class-wp-hook.php(332): WP_Hook->apply_filters(NULL, Array)
#4 C:\wamp64\www\samplerestaurantwebsite\wp-includes\plugin.php(517): WP_Hook->do_action(Array)
#5 C:\wamp64\www\samplerestaurantwebsite\wp-includes\general-template.php(3065): do_action('wp_footer')
#6 C:\wamp64\www\samplerestaurantwebsite\wp-includes\rest-api\endpoints\class-wp-rest-widget-types-controller.php(652): wp_footer()
#7 C:\wamp64\www\samplerestaurantwebsite\wp-includes\rest-api\endpoints\class-wp-rest-widget-types-controller.php(600): WP_REST_Widget_Types_Controller->render_legacy_widget_preview_iframe('text', Array)
#8 C:\wamp64\www\samplerestaurantwebsite\wp-includes\rest-api\class-wp-rest-server.php(1181): WP_REST_Widget_Types_Controller->render(Object(WP_REST_Request))
#9 C:\wamp64\www\samplerestaurantwebsite\wp-includes\rest-api\class-wp-rest-server.php(1028): WP_REST_Server->respond_to_request(Object(WP_REST_Request), '/wp/v2/widget-t...', Array, NULL)
#10 C:\wamp64\www\samplerestaurantwebsite\wp-includes\rest-api\class-wp-rest-server.php(442): WP_REST_Server->dispatch(Object(WP_REST_Request))
#11 C:\wamp64\www\samplerestaurantwebsite\wp-includes\rest-api.php(410): WP_REST_Server->serve_request('/wp/v2/widget-t...')
#12 C:\wamp64\www\samplerestaurantwebsite\wp-includes\class-wp-hook.php(308): rest_api_loaded(Object(WP))
#13 C:\wamp64\www\samplerestaurantwebsite\wp-includes\class-wp-hook.php(332): WP_Hook->apply_filters(NULL, Array)
#14 C:\wamp64\www\samplerestaurantwebsite\wp-includes\plugin.php(565): WP_Hook->do_action(Array)
#15 C:\wamp64\www\samplerestaurantwebsite\wp-includes\class-wp.php(399): do_action_ref_array('parse_request', Array)
#16 C:\wamp64\www\samplerestaurantwebsite\wp-includes\class-wp.php(780): WP->parse_request('')
#17 C:\wamp64\www\samplerestaurantwebsite\wp-includes\functions.php(1334): WP->main('')
#18 C:\wamp64\www\samplerestaurantwebsite\wp-blog-header.php(16): wp()
#19 C:\wamp64\www\samplerestaurantwebsite\index.php(17): require('C:\\wamp64\\www\\s...')
#20 {main}
  thrown in C:\wamp64\www\samplerestaurantwebsite\wp-content\plugins\wp-cafe\core\modules\mini-cart\views\mini-cart-template.php on line 14

